\BOOKMARK [0][-]{section*.2}{ Lunar Base Research Data }{}% 2
\BOOKMARK [1][-]{section*.1}{Abstract}{section*.2}% 1
\BOOKMARK [1][-]{section*.3}{Lack of exposed ice inside lunar south pole Shackleton Crater}{section*.2}% 3
\BOOKMARK [1][-]{section*.4}{Hybrid life support systems with integrated fuel cells and photobioreactors for a lunar base}{section*.2}% 4
\BOOKMARK [1][-]{section*.5}{Age makes Moon crater attractive site for lunar base}{section*.2}% 5
\BOOKMARK [1][-]{section*.6}{Analysis of a Lunar Base Structure Using the Discrete-Element Method}{section*.2}% 6
\BOOKMARK [1][-]{section*.7}{Influence of lunar topography on simulated surface temperature}{section*.2}% 7
\BOOKMARK [1][-]{section*.8}{Evidence for surface water ice in the lunar polar regions using reflectance measurements from the Lunar Orbiter Laser Altimeter and temperature measurements from the Diviner Lunar Radiometer Experiment}{section*.2}% 8
\BOOKMARK [1][-]{section*.9}{Evidence for exposed water ice in the Moon's south polar regions from Lunar Reconnaissance Orbiter ultraviolet albedo and temperature measurements}{section*.2}% 9
\BOOKMARK [1][-]{section*.10}{Thermal behavior of regolith at cold traps on the moon's southpole: Revealed by Chang'E-2 microwave radiometer data}{section*.2}% 10
\BOOKMARK [1][-]{section*.11}{Optimized traverse planning for future polar prospectors based on lunar topography}{section*.2}% 11
\BOOKMARK [1][-]{section*.12}{Site selection and traverse planning to support a lunar polar rover mission: A case study at Haworth Crater}{section*.2}% 12
\BOOKMARK [1][-]{section*.13}{Persistently illuminated regions at the lunar poles: Ideal sites for future exploration}{section*.2}% 13
\BOOKMARK [1][-]{section*.14}{Illumination conditions at the lunar poles: Implications for future exploration}{section*.2}% 14
\BOOKMARK [1][-]{section*.15}{Estimation of lunar surface temperatures and thermophysical properties: test of a thermal model in preparation of the MERTIS experiment onboard BepiColombo}{section*.2}% 15
\BOOKMARK [1][-]{section*.16}{Thermal conductivity of surficial lunar regolith estimated from Lunar Reconnaissance Orbiter Diviner Radiometer data}{section*.2}% 16
\BOOKMARK [1][-]{section*.17}{Characterisation of potential landing sites for the European Space Agency's Lunar Lander project}{section*.2}% 17
\BOOKMARK [1][-]{section*.18}{The production of oxygen and metal from lunar regolith}{section*.2}% 18
\BOOKMARK [1][-]{section*.19}{Thermophysical property models for lunar regolith}{section*.2}% 19
\BOOKMARK [1][-]{section*.20}{Scientific preparations for lunar exploration with the European Lunar Lander}{section*.2}% 20
\BOOKMARK [1][-]{section*.21}{Analysis of landing site attributes for future missions targeting the rim of the lunar South Pole Aitken basin}{section*.2}% 21
\BOOKMARK [1][-]{section*.22}{Illumination conditions of the south pole of the Moon derived using Kaguya topography}{section*.2}% 22
\BOOKMARK [1][-]{section*.23}{Illumination conditions of the lunar polar regions using LOLA topography}{section*.2}% 23
\BOOKMARK [1][-]{section*.24}{Illumination conditions at the lunar south pole using high resolution Digital Terrain Models from LOLA}{section*.2}% 24
\BOOKMARK [1][-]{section*.25}{The global surface temperatures of the Moon as measured by the Diviner Lunar Radiometer Experiment}{section*.2}% 25
\BOOKMARK [1][-]{section*.26}{Design Considerations for LunarBase Photovoltaic Power Systems}{section*.2}% 26
\BOOKMARK [1][-]{section*.27}{Heat storage and electricity generation in the Moon during the lunar night}{section*.2}% 27
\BOOKMARK [1][-]{section*.28}{Performance analysis of a lunar based solar thermal power system with regolith thermal storage}{section*.2}% 28
\BOOKMARK [1][-]{section*.29}{Energy and provision management study: A research activity on fuel cell design and breadboarding for lunar surface applications supported by European Space Agency}{section*.2}% 29
\BOOKMARK [1][-]{section*.30}{Exergy analysis of a lunar based solar thermal power system with finite-time thermodynamics}{section*.2}% 30
\BOOKMARK [1][-]{section*.31}{The water treatment and recycling in 105-day bioregenerative life support experiment in the Lunar Palace 1}{section*.2}% 31
\BOOKMARK [1][-]{section*.32}{Water management in a controlled ecological life support system during a 4-person-180-day integrated experiment: Configuration and performance}{section*.2}% 32
\BOOKMARK [1][-]{section*.33}{Lunar regolith thermal gradients and emission spectra: Modeling and validation}{section*.2}% 33
\BOOKMARK [1][-]{section*.34}{Determination of temperature variation on lunar surface and subsurface for habitat analysis and design}{section*.2}% 34
\BOOKMARK [1][-]{section*.35}{An overnight habitat for expanding lunar surface exploration}{section*.2}% 35
\BOOKMARK [1][-]{section*.36}{High frequency thermal emission from the lunar surface and near surface temperature of the Moon from Chang’E-2 microwave radiometer}{section*.2}% 36
\BOOKMARK [1][-]{section*.37}{Moon surface thermal characteristics for moon orbiting spacecraft thermal analysis}{section*.2}% 37
\BOOKMARK [1][-]{section*.38}{Illumination conditions at the lunar poles: Implications for future exploration}{section*.2}% 38
\BOOKMARK [1][-]{section*.39}{References}{section*.2}% 39
